<?xml version="1.0" encoding="UTF-8"?>
<Site BuildName="(empty)"
	BuildStamp="20230120-1947-Experimental"
	Name="(empty)"
	Generator="ctest-3.25.1"
	CompilerName=""
	CompilerVersion=""
	OSName="Windows"
	Hostname="LAPTOP-TJLQSKQ7"
	OSRelease=" Personal"
	OSVersion=" (Build 19044)"
	OSPlatform="AMD64"
	Is64Bits="1"
	VendorString="GenuineIntel"
	VendorID="Intel Corporation"
	FamilyID="6"
	ModelID="14"
	ProcessorCacheSize="-1"
	NumberOfLogicalCPU="8"
	NumberOfPhysicalCPU="4"
	TotalVirtualMemory="12069"
	TotalPhysicalMemory="7973"
	LogicalProcessorsPerPhysical="2"
	ProcessorClockFrequency="1190"
	>
	<Testing>
		<StartDateTime>Jan 20 23:47 Caucasus Standard Time</StartDateTime>
		<StartTestTime>1674244034</StartTestTime>
		<TestList/>
		<EndDateTime>Jan 20 23:47 Caucasus Standard Time</EndDateTime>
		<EndTestTime>1674244034</EndTestTime>
		<ElapsedMinutes>0</ElapsedMinutes>
	</Testing>
</Site>
